[I 260203 13:59:53 connection:76] SmartAPI WebSocket Opened - Ready for subscriptions
[I 260203 14:00:17 consumers:331] Fetching historical candles with params: {'exchange': 'NSE', 'symboltoken': '3045', 'interval': 'FIFTEEN_MINUTE', 'fromdate': '2026-01-25 09:00', 'todate': '2026-01-28 15:30'}
[E 260203 14:00:17 consumers:418] Historical fetch exception: Couldn't parse the JSON response received from the server: b'Access denied because of exceeding access rate'
    Traceback (most recent call last):
      File "C:\Users\Admin\Downloads\Live-Market-Prize-9fe3041dac48cf2d146e3a07911acc35b7a368d3\myvenv\Lib\site-packages\SmartApi\smartConnect.py", line 230, in _request
        data = json.loads(r.content.decode("utf8"))
      File "C:\Users\Admin\AppData\Local\Programs\Python\Python314\Lib\json\__init__.py", line 346, in loads
        return _default_decoder.decode(s)
               ~~~~~~~~~~~~~~~~~~~~~~~^^^
      File "C:\Users\Admin\AppData\Local\Programs\Python\Python314\Lib\json\decoder.py", line 345, in decode
        obj, end = self.raw_decode(s, idx=_w(s, 0).end())
                   ~~~~~~~~~~~~~~~^^^^^^^^^^^^^^^^^^^^^^^
      File "C:\Users\Admin\AppData\Local\Programs\Python\Python314\Lib\json\decoder.py", line 363, in raw_decode
        raise JSONDecodeError("Expecting value", s, err.value) from None
    json.decoder.JSONDecodeError: Expecting value: line 1 column 1 (char 0)
    
    During handling of the above exception, another exception occurred:
    
    Traceback (most recent call last):
      File "C:\Users\Admin\Downloads\Live-Market-Prize-9fe3041dac48cf2d146e3a07911acc35b7a368d3\myvenv\Lib\site-packages\asgiref\sync.py", line 361, in main_wrap
        raise exc_info[1]
      File "C:\Users\Admin\Downloads\Live-Market-Prize-9fe3041dac48cf2d146e3a07911acc35b7a368d3\market\consumers.py", line 333, in handle_get_historical
        candle_data = self.smart_api.getCandleData(historic_params)
      File "C:\Users\Admin\Downloads\Live-Market-Prize-9fe3041dac48cf2d146e3a07911acc35b7a368d3\myvenv\Lib\site-packages\SmartApi\smartConnect.py", line 465, in getCandleData
        getCandleDataResponse=self._postRequest("api.candle.data",historicDataParams)
      File "C:\Users\Admin\Downloads\Live-Market-Prize-9fe3041dac48cf2d146e3a07911acc35b7a368d3\myvenv\Lib\site-packages\SmartApi\smartConnect.py", line 263, in _postRequest
        return self._request(route, "POST", params)
               ~~~~~~~~~~~~~^^^^^^^^^^^^^^^^^^^^^^^
      File "C:\Users\Admin\Downloads\Live-Market-Prize-9fe3041dac48cf2d146e3a07911acc35b7a368d3\myvenv\Lib\site-packages\SmartApi\smartConnect.py", line 233, in _request
        raise ex.DataException("Couldn't parse the JSON response received from the server: {content}".format(
            content=r.content))
    SmartApi.smartExceptions.DataException: Couldn't parse the JSON response received from the server: b'Access denied because of exceeding access rate'
[I 260203 14:05:48 connection:76] SmartAPI WebSocket Opened - Ready for subscriptions
[I 260203 14:06:10 consumers:331] Fetching historical candles with params: {'exchange': 'NSE', 'symboltoken': '3045', 'interval': 'FIFTEEN_MINUTE', 'fromdate': '2026-01-25 09:00', 'todate': '2026-01-28 15:30'}
[I 260203 14:06:10 consumers:338] Historical data fetched - 50 candles
[I 260203 14:06:10 strategies:48] ADX Signal: {'action': 'BUY', 'reason': '+DI 25.24 > 20 (strong uptrend)', 'confidence': 'high'}
[I 260203 14:06:10 strategies:78] MACD Signal: {'action': 'BUY', 'reason': 'MACD line 2.8855 > 0 (bullish)'}
[I 260203 14:06:10 consumers:399] Strategy check for 3045: ADX={'action': 'BUY', 'reason': '+DI 25.24 > 20 (strong uptrend)', 'confidence': 'high'}, MACD={'action': 'BUY', 'reason': 'MACD line 2.8855 > 0 (bullish)'}, CurrentSide=NONE
[I 260203 14:06:10 consumers:466] Opened LONG SBIN-EQ @ 1062.65 | Lots=1 | Qty=50 | Target=1078.59 | SL=1052.02
[I 260203 14:06:11 consumers:513] Position CLOSED | Token=3045 | Exit price=1065.20 | Exit time=2026-02-03 08:36:11.349715+00:00 | Qty=50 | MTM=127.50 | Reason=Stoploss hit
[I 260203 14:06:11 connection:153] AUTO EXIT | Stoploss hit | SBIN-EQ (3045) | Price=1065.20
[I 260203 14:06:49 connection:76] SmartAPI WebSocket Opened - Ready for subscriptions
[I 260203 14:20:12 connection:77] SmartAPI WebSocket Opened - Ready for subscriptions
[I 260203 14:20:57 consumers:577] Fetching historical candles with params: {'exchange': 'NSE', 'symboltoken': '3045', 'interval': 'FIFTEEN_MINUTE', 'fromdate': '2026-01-25 09:00', 'todate': '2026-01-28 15:30'}
[E 260203 14:20:57 consumers:664] Historical fetch exception: Couldn't parse the JSON response received from the server: b'Access denied because of exceeding access rate'
    Traceback (most recent call last):
      File "C:\Users\Admin\Downloads\Live-Market-Prize-9fe3041dac48cf2d146e3a07911acc35b7a368d3\myvenv\Lib\site-packages\SmartApi\smartConnect.py", line 230, in _request
        data = json.loads(r.content.decode("utf8"))
      File "C:\Users\Admin\AppData\Local\Programs\Python\Python314\Lib\json\__init__.py", line 346, in loads
        return _default_decoder.decode(s)
               ~~~~~~~~~~~~~~~~~~~~~~~^^^
      File "C:\Users\Admin\AppData\Local\Programs\Python\Python314\Lib\json\decoder.py", line 345, in decode
        obj, end = self.raw_decode(s, idx=_w(s, 0).end())
                   ~~~~~~~~~~~~~~~^^^^^^^^^^^^^^^^^^^^^^^
      File "C:\Users\Admin\AppData\Local\Programs\Python\Python314\Lib\json\decoder.py", line 363, in raw_decode
        raise JSONDecodeError("Expecting value", s, err.value) from None
    json.decoder.JSONDecodeError: Expecting value: line 1 column 1 (char 0)
    
    During handling of the above exception, another exception occurred:
    
    Traceback (most recent call last):
      File "C:\Users\Admin\Downloads\Live-Market-Prize-9fe3041dac48cf2d146e3a07911acc35b7a368d3\myvenv\Lib\site-packages\asgiref\sync.py", line 361, in main_wrap
        raise exc_info[1]
      File "C:\Users\Admin\Downloads\Live-Market-Prize-9fe3041dac48cf2d146e3a07911acc35b7a368d3\market\WebSocketUtility\consumers.py", line 579, in handle_get_historical
        candle_data = self.smart_api.getCandleData(historic_params)
      File "C:\Users\Admin\Downloads\Live-Market-Prize-9fe3041dac48cf2d146e3a07911acc35b7a368d3\myvenv\Lib\site-packages\SmartApi\smartConnect.py", line 465, in getCandleData
        getCandleDataResponse=self._postRequest("api.candle.data",historicDataParams)
      File "C:\Users\Admin\Downloads\Live-Market-Prize-9fe3041dac48cf2d146e3a07911acc35b7a368d3\myvenv\Lib\site-packages\SmartApi\smartConnect.py", line 263, in _postRequest
        return self._request(route, "POST", params)
               ~~~~~~~~~~~~~^^^^^^^^^^^^^^^^^^^^^^^
      File "C:\Users\Admin\Downloads\Live-Market-Prize-9fe3041dac48cf2d146e3a07911acc35b7a368d3\myvenv\Lib\site-packages\SmartApi\smartConnect.py", line 233, in _request
        raise ex.DataException("Couldn't parse the JSON response received from the server: {content}".format(
            content=r.content))
    SmartApi.smartExceptions.DataException: Couldn't parse the JSON response received from the server: b'Access denied because of exceeding access rate'
[W 260203 14:21:01 smartWebSocketV2:318] Attempting to resubscribe/reconnect (Attempt 1)...
[I 260203 14:21:01 smartConnect:124] in pool
[I 260203 14:21:07 connection:77] SmartAPI WebSocket Opened - Ready for subscriptions
[I 260203 14:21:11 connection:77] SmartAPI WebSocket Opened - Ready for subscriptions
[I 260203 14:21:18 consumers:577] Fetching historical candles with params: {'exchange': 'NSE', 'symboltoken': '3045', 'interval': 'FIFTEEN_MINUTE', 'fromdate': '2026-01-25 09:00', 'todate': '2026-01-28 15:30'}
[I 260203 14:21:19 consumers:584] Historical data fetched - 50 candles
[I 260203 14:21:19 strategies:47] ADX Signal: {'action': 'BUY', 'reason': '+DI 25.24 > 20 (strong uptrend)', 'confidence': 'high'}
[I 260203 14:21:19 strategies:77] MACD Signal: {'action': 'BUY', 'reason': 'MACD line 2.8855 > 0 (bullish)'}
[I 260203 14:21:19 consumers:645] Strategy check for 3045: ADX={'action': 'BUY', 'reason': '+DI 25.24 > 20 (strong uptrend)', 'confidence': 'high'}, MACD={'action': 'BUY', 'reason': 'MACD line 2.8855 > 0 (bullish)'}, CurrentSide=NONE
[I 260203 14:21:19 consumers:712] Opened LONG SBIN-EQ @ 1062.65 | Lots=1 | Qty=50 | Target=1078.59 | SL=1052.02
[I 260203 14:24:25 connection:77] SmartAPI WebSocket Opened - Ready for subscriptions
[I 260203 14:24:29 consumers:176] Strategy loop initialized - checking every 15 seconds
[I 260203 14:24:47 consumers:577] Fetching historical candles with params: {'exchange': 'NSE', 'symboltoken': '3045', 'interval': 'FIFTEEN_MINUTE', 'fromdate': '2026-01-25 09:00', 'todate': '2026-01-28 15:30'}
[I 260203 14:24:47 consumers:584] Historical data fetched - 50 candles
[I 260203 14:24:47 strategies:47] ADX Signal: {'action': 'BUY', 'reason': '+DI 25.24 > 20 (strong uptrend)', 'confidence': 'high'}
[I 260203 14:24:47 strategies:77] MACD Signal: {'action': 'BUY', 'reason': 'MACD line 2.8855 > 0 (bullish)'}
[I 260203 14:24:47 consumers:645] Strategy check for 3045: ADX={'action': 'BUY', 'reason': '+DI 25.24 > 20 (strong uptrend)', 'confidence': 'high'}, MACD={'action': 'BUY', 'reason': 'MACD line 2.8855 > 0 (bullish)'}, CurrentSide=NONE
[I 260203 14:24:47 consumers:712] Opened LONG SBIN-EQ @ 1062.65 | Lots=1 | Qty=50 | Target=1078.59 | SL=1052.02
[I 260203 14:24:47 consumers:759] Position CLOSED | Token=3045 | Exit price=1065.20 | Exit time=2026-02-03 08:54:47.965183+00:00 | Qty=50 | MTM=127.50 | Reason=Stoploss hit
[I 260203 14:24:47 connection:169] AUTO EXIT | Stoploss hit | SBIN-EQ (3045) | Price=1065.20
[I 260203 14:30:13 connection:76] SmartAPI WebSocket Opened - Ready for subscriptions
[I 260203 14:30:33 consumers:331] Fetching historical candles with params: {'exchange': 'NSE', 'symboltoken': '3045', 'interval': 'FIFTEEN_MINUTE', 'fromdate': '2026-01-25 09:00', 'todate': '2026-01-28 15:30'}
[E 260203 14:30:33 smartConnect:246] Error occurred while making a POST request to https://apiconnect.angelone.in/rest/secure/angelbroking/historical/v1/getCandleData. Error: Something Went Wrong, Please Try After Sometime. URL: https://apiconnect.angelone.in/rest/secure/angelbroking/historical/v1/getCandleData, Headers: {'Content-type': 'application/json', 'X-ClientLocalIP': '127.0.0.1', 'X-ClientPublicIP': '106.193.147.98', 'X-MACAddress': '30:de:4b:37:38:d7', 'Accept': 'application/json', 'X-PrivateKey': 'iARx2hbi', 'X-UserType': 'USER', 'X-SourceID': 'WEB'}, Request: {'exchange': 'NSE', 'symboltoken': '3045', 'interval': 'FIFTEEN_MINUTE', 'fromdate': '2026-01-25 09:00', 'todate': '2026-01-28 15:30'}, Response: {'message': 'Something Went Wrong, Please Try After Sometime', 'errorcode': 'AB1004', 'status': False, 'data': None}
[E 260203 14:30:33 consumers:418] Historical fetch exception: object of type 'NoneType' has no len()
    Traceback (most recent call last):
      File "C:\Users\Admin\Downloads\Live-Market-Prize-9fe3041dac48cf2d146e3a07911acc35b7a368d3\myvenv\Lib\site-packages\asgiref\sync.py", line 361, in main_wrap
        raise exc_info[1]
      File "C:\Users\Admin\Downloads\Live-Market-Prize-9fe3041dac48cf2d146e3a07911acc35b7a368d3\market\WebSocketUtility\consumers.py", line 338, in handle_get_historical
        logger.info(f"Historical data fetched - {len(candle_data.get('data', []))} candles")
                                                 ~~~^^^^^^^^^^^^^^^^^^^^^^^^^^^^^
    TypeError: object of type 'NoneType' has no len()
[W 260203 14:30:40 smartWebSocketV2:318] Attempting to resubscribe/reconnect (Attempt 1)...
[I 260203 14:30:40 smartConnect:124] in pool
[I 260203 14:30:46 connection:76] SmartAPI WebSocket Opened - Ready for subscriptions
[I 260203 14:30:50 connection:76] SmartAPI WebSocket Opened - Ready for subscriptions
[I 260203 14:30:54 consumers:331] Fetching historical candles with params: {'exchange': 'NSE', 'symboltoken': '3045', 'interval': 'FIFTEEN_MINUTE', 'fromdate': '2026-01-25 09:00', 'todate': '2026-01-28 15:30'}
[E 260203 14:30:54 smartConnect:246] Error occurred while making a POST request to https://apiconnect.angelone.in/rest/secure/angelbroking/historical/v1/getCandleData. Error: Something Went Wrong, Please Try After Sometime. URL: https://apiconnect.angelone.in/rest/secure/angelbroking/historical/v1/getCandleData, Headers: {'Content-type': 'application/json', 'X-ClientLocalIP': '127.0.0.1', 'X-ClientPublicIP': '106.193.147.98', 'X-MACAddress': '30:de:4b:37:38:d7', 'Accept': 'application/json', 'X-PrivateKey': 'iARx2hbi', 'X-UserType': 'USER', 'X-SourceID': 'WEB'}, Request: {'exchange': 'NSE', 'symboltoken': '3045', 'interval': 'FIFTEEN_MINUTE', 'fromdate': '2026-01-25 09:00', 'todate': '2026-01-28 15:30'}, Response: {'message': 'Something Went Wrong, Please Try After Sometime', 'errorcode': 'AB1004', 'status': False, 'data': None}
[E 260203 14:30:54 consumers:418] Historical fetch exception: object of type 'NoneType' has no len()
    Traceback (most recent call last):
      File "C:\Users\Admin\Downloads\Live-Market-Prize-9fe3041dac48cf2d146e3a07911acc35b7a368d3\myvenv\Lib\site-packages\asgiref\sync.py", line 361, in main_wrap
        raise exc_info[1]
      File "C:\Users\Admin\Downloads\Live-Market-Prize-9fe3041dac48cf2d146e3a07911acc35b7a368d3\market\WebSocketUtility\consumers.py", line 338, in handle_get_historical
        logger.info(f"Historical data fetched - {len(candle_data.get('data', []))} candles")
                                                 ~~~^^^^^^^^^^^^^^^^^^^^^^^^^^^^^
    TypeError: object of type 'NoneType' has no len()
[I 260203 14:31:14 connection:76] SmartAPI WebSocket Opened - Ready for subscriptions
[I 260203 14:31:18 connection:58] Created token-to-symbol map with 205593 entries
[I 260203 14:31:18 connection:59] Instrument list fetched - 228724 entries
[I 260203 14:31:18 connection:76] SmartAPI WebSocket Opened - Ready for subscriptions
[I 260203 14:31:27 consumers:331] Fetching historical candles with params: {'exchange': 'NSE', 'symboltoken': '3045', 'interval': 'FIFTEEN_MINUTE', 'fromdate': '2026-01-25 09:00', 'todate': '2026-01-28 15:30'}
[I 260203 14:31:27 consumers:338] Historical data fetched - 50 candles
[I 260203 14:31:27 strategies:47] ADX Signal: {'action': 'BUY', 'reason': '+DI 25.24 > 20 (strong uptrend)', 'confidence': 'high'}
[I 260203 14:31:27 strategies:77] MACD Signal: {'action': 'BUY', 'reason': 'MACD line 2.8855 > 0 (bullish)'}
[I 260203 14:31:27 consumers:399] Strategy check for 3045: ADX={'action': 'BUY', 'reason': '+DI 25.24 > 20 (strong uptrend)', 'confidence': 'high'}, MACD={'action': 'BUY', 'reason': 'MACD line 2.8855 > 0 (bullish)'}, CurrentSide=NONE
[I 260203 14:31:27 consumers:466] Opened LONG SBIN-EQ @ 1062.65 | Lots=1 | Qty=50 | Target=1078.59 | SL=1052.02
[I 260203 14:52:46 connection:75] SmartAPI WebSocket Opened - Ready for subscriptions
[I 260203 14:53:07 consumers:224] Subscribed to tokens: ['3045'] on exchangeType 1
[I 260203 14:53:07 consumers:248] Added 1 new symbols to indicator monitoring: ['3045']
[I 260203 14:53:07 consumers:122] Indicator monitor thread started
[I 260203 14:53:07 consumers:654] Position CLOSED | Token=3045 | Exit price=1065.60 | Exit time=2026-02-03 09:23:07.206022+00:00 | Qty=50 | MTM=147.50 | Reason=Stoploss hit
[I 260203 14:53:07 connection:152] AUTO EXIT | Stoploss hit | SBIN-EQ (3045) | Price=1065.60
[I 260203 14:53:38 consumers:472] Fetching historical candles with params: {'exchange': 'NSE', 'symboltoken': '3045', 'interval': 'FIFTEEN_MINUTE', 'fromdate': '2026-01-25 09:00', 'todate': '2026-01-28 15:30'}
[I 260203 14:53:39 consumers:479] Historical data fetched - 50 candles
[I 260203 14:53:39 strategies:47] ADX Signal: {'action': 'BUY', 'reason': '+DI 25.24 > 20 (strong uptrend)', 'confidence': 'high'}
[I 260203 14:53:39 strategies:77] MACD Signal: {'action': 'BUY', 'reason': 'MACD line 2.8855 > 0 (bullish)'}
[I 260203 14:53:39 consumers:540] Strategy check for 3045: ADX={'action': 'BUY', 'reason': '+DI 25.24 > 20 (strong uptrend)', 'confidence': 'high'}, MACD={'action': 'BUY', 'reason': 'MACD line 2.8855 > 0 (bullish)'}, CurrentSide=NONE
[I 260203 14:53:39 consumers:607] Opened LONG SBIN-EQ @ 1062.65 | Lots=1 | Qty=50 | Target=1078.59 | SL=1052.02
[I 260203 14:53:39 consumers:654] Position CLOSED | Token=3045 | Exit price=1065.50 | Exit time=2026-02-03 09:23:39.632998+00:00 | Qty=50 | MTM=142.50 | Reason=Stoploss hit
[I 260203 14:53:39 connection:152] AUTO EXIT | Stoploss hit | SBIN-EQ (3045) | Price=1065.50
[E 260203 14:53:53 smartConnect:246] Error occurred while making a POST request to https://apiconnect.angelone.in/rest/secure/angelbroking/historical/v1/getCandleData. Error: Something Went Wrong, Please Try After Sometime. URL: https://apiconnect.angelone.in/rest/secure/angelbroking/historical/v1/getCandleData, Headers: {'Content-type': 'application/json', 'X-ClientLocalIP': '127.0.0.1', 'X-ClientPublicIP': '106.193.147.98', 'X-MACAddress': '30:de:4b:37:38:d7', 'Accept': 'application/json', 'X-PrivateKey': 'iARx2hbi', 'X-UserType': 'USER', 'X-SourceID': 'WEB'}, Request: {'exchange': 'NSE', 'symboltoken': '3045', 'interval': 'FIFTEEN_MINUTE', 'fromdate': '2026-01-24 14:53', 'todate': '2026-02-03 14:53'}, Response: {'message': 'Something Went Wrong, Please Try After Sometime', 'errorcode': 'AB1004', 'status': False, 'data': None}
[I 260203 14:55:01 connection:75] SmartAPI WebSocket Opened - Ready for subscriptions
[I 260203 14:59:49 connection:75] SmartAPI WebSocket Opened - Ready for subscriptions
[I 260203 15:00:10 consumers:224] Subscribed to tokens: ['2885'] on exchangeType 1
[I 260203 15:00:10 consumers:248] Added 1 new symbols to indicator monitoring: ['2885']
[I 260203 15:00:10 consumers:122] Indicator monitor thread started
[E 260203 15:00:11 consumers:183] Live indicators fetch failed: Couldn't parse the JSON response received from the server: b'Access denied because of exceeding access rate'
[I 260203 15:00:24 consumers:472] Fetching historical candles with params: {'exchange': 'NSE', 'symboltoken': '3045', 'interval': 'FIFTEEN_MINUTE', 'fromdate': '2026-01-25 09:00', 'todate': '2026-01-28 15:30'}
[I 260203 15:00:24 consumers:479] Historical data fetched - 50 candles
[I 260203 15:00:24 strategies:47] ADX Signal: {'action': 'BUY', 'reason': '+DI 25.24 > 20 (strong uptrend)', 'confidence': 'high'}
[I 260203 15:00:24 strategies:77] MACD Signal: {'action': 'BUY', 'reason': 'MACD line 2.8855 > 0 (bullish)'}
[I 260203 15:00:24 consumers:540] Strategy check for 3045: ADX={'action': 'BUY', 'reason': '+DI 25.24 > 20 (strong uptrend)', 'confidence': 'high'}, MACD={'action': 'BUY', 'reason': 'MACD line 2.8855 > 0 (bullish)'}, CurrentSide=NONE
[I 260203 15:00:24 consumers:607] Opened LONG SBIN-EQ @ 1062.65 | Lots=1 | Qty=50 | Target=1078.59 | SL=1052.02
[W 260203 15:00:47 smartWebSocketV2:318] Attempting to resubscribe/reconnect (Attempt 1)...
[I 260203 15:00:47 smartConnect:124] in pool
[I 260203 15:01:19 connection:75] SmartAPI WebSocket Opened - Ready for subscriptions
[I 260203 15:01:31 consumers:224] Subscribed to tokens: ['3045'] on exchangeType 1
[I 260203 15:01:31 consumers:248] Added 1 new symbols to indicator monitoring: ['3045']
[I 260203 15:01:31 consumers:122] Indicator monitor thread started
[E 260203 15:06:52 smartConnect:246] Error occurred while making a POST request to https://apiconnect.angelone.in/rest/secure/angelbroking/historical/v1/getCandleData. Error: Something Went Wrong, Please Try After Sometime. URL: https://apiconnect.angelone.in/rest/secure/angelbroking/historical/v1/getCandleData, Headers: {'Content-type': 'application/json', 'X-ClientLocalIP': '127.0.0.1', 'X-ClientPublicIP': '106.193.147.98', 'X-MACAddress': '30:de:4b:37:38:d7', 'Accept': 'application/json', 'X-PrivateKey': 'iARx2hbi', 'X-UserType': 'USER', 'X-SourceID': 'WEB'}, Request: {'exchange': 'NSE', 'symboltoken': '3045', 'interval': 'FIFTEEN_MINUTE', 'fromdate': '2026-01-24 15:06', 'todate': '2026-02-03 15:06'}, Response: {'message': 'Something Went Wrong, Please Try After Sometime', 'errorcode': 'AB1004', 'status': False, 'data': None}
[I 260203 15:07:06 consumers:224] Subscribed to tokens: ['1333'] on exchangeType 1
[I 260203 15:07:06 consumers:248] Added 1 new symbols to indicator monitoring: ['1333']
[W 260203 15:07:26 smartWebSocketV2:318] Attempting to resubscribe/reconnect (Attempt 1)...
[I 260203 15:07:26 smartConnect:124] in pool
[I 260203 15:07:36 connection:75] SmartAPI WebSocket Opened - Ready for subscriptions
[E 260203 15:07:36 connection:168] WebSocket Error: Connection closed
[W 260203 15:07:36 smartWebSocketV2:342] Connection closed due to max retry attempts reached.
[E 260203 15:07:36 connection:168] WebSocket Error: Connection closed
[W 260203 15:07:36 smartWebSocketV2:342] Connection closed due to max retry attempts reached.
[I 260203 15:07:39 consumers:224] Subscribed to tokens: ['1333'] on exchangeType 1
[I 260203 15:07:39 consumers:248] Added 1 new symbols to indicator monitoring: ['1333']
[I 260203 15:07:39 consumers:122] Indicator monitor thread started
[E 260203 15:09:11 consumers:183] Live indicators fetch failed: Couldn't parse the JSON response received from the server: b'Access denied because of exceeding access rate'
[E 260203 15:09:11 consumers:183] Live indicators fetch failed: Couldn't parse the JSON response received from the server: b'Access denied because of exceeding access rate'
[E 260203 15:57:35 connection:193] Critical error in connection setup: Timeloop.job() got an unexpected keyword argument 'when'
[E 260203 15:57:42 connection:193] Critical error in connection setup: Timeloop.job() got an unexpected keyword argument 'when'
[E 260203 16:01:06 connection:193] Critical error in connection setup: Timeloop.job() got an unexpected keyword argument 'target'
[I 260203 16:09:08 connection:76] SmartAPI WebSocket Opened - Ready for subscriptions
[I 260203 16:09:44 consumers:369] Subscribed to tokens: ['3045'] on exchangeType 1
[I 260203 16:09:44 consumers:393] Added 1 new symbols to indicator monitoring: ['3045']
[I 260203 16:09:44 consumers:137] Indicator monitor thread started
